[NX Daemon Server] - 2024-06-18T11:21:04.645Z - Started listening on: /var/folders/5v/k8b747l520vfx2xjpdq4_csr0000gn/T/df22474ec9e368e5d50f/d.sock
[NX Daemon Server] - 2024-06-18T11:21:04.648Z - [WATCHER]: Subscribed to changes within: /Users/martinlabik/Projects/Learning/learning-projects-monorepo (native)
[NX Daemon Server] - 2024-06-18T11:21:04.650Z - Established a connection. Number of open connections: 1
[NX Daemon Server] - 2024-06-18T11:21:04.650Z - Established a connection. Number of open connections: 2
[NX Daemon Server] - 2024-06-18T11:21:04.652Z - Closed a connection. Number of open connections: 1
[NX Daemon Server] - 2024-06-18T11:21:04.652Z - [REQUEST]: Client Request for Project Graph Received
[NX Daemon Server] - 2024-06-18T11:21:04.779Z - [REQUEST]: Updated workspace context based on watched changes, recomputing project graph...
[NX Daemon Server] - 2024-06-18T11:21:04.780Z - [REQUEST]:
[NX Daemon Server] - 2024-06-18T11:21:04.780Z - [REQUEST]:
[NX Daemon Server] - 2024-06-18T11:21:05.098Z - [REQUEST]: Responding to the client. project-graph
[NX Daemon Server] - 2024-06-18T11:21:05.098Z - Time taken for 'total for creating and serializing project graph' 445.19787499999995ms
[NX Daemon Server] - 2024-06-18T11:21:05.102Z - Done responding to the client project-graph
[NX Daemon Server] - 2024-06-18T11:21:05.102Z - Handled REQUEST_PROJECT_GRAPH. Handling time: 446. Response time: 4.
[NX Daemon Server] - 2024-06-18T11:21:05.578Z - Closed a connection. Number of open connections: 0
[NX Daemon Server] - 2024-06-18T11:21:05.626Z - [WATCHER]: 8 file(s) created or restored, 1 file(s) modified, 9 file(s) deleted
[NX Daemon Server] - 2024-06-18T11:21:05.627Z - [WATCHER]: Processing file changes in outputs
[NX Daemon Server] - 2024-06-18T11:21:05.729Z - [REQUEST]: Updated workspace context based on watched changes, recomputing project graph...
[NX Daemon Server] - 2024-06-18T11:21:05.729Z - [REQUEST]: libs/ui/react-components/eslint.config.js,apps/recipes-app-e2e/eslint.config.js,libs/common/helpers/eslint.config.js,libs/ui/recipes-app/components/eslint.config.js,eslint.config.js,apps/eshop-express-app/eslint.config.js,apps/eshop-express-app-e2e/eslint.config.js,apps/recipes-app/eslint.config.js,package.json
[NX Daemon Server] - 2024-06-18T11:21:05.730Z - [REQUEST]: .eslintrc.json,apps/recipes-app-e2e/.eslintrc.json,.eslintignore,libs/ui/react-components/.eslintrc.json,apps/eshop-express-app-e2e/.eslintrc.json,libs/common/helpers/.eslintrc.json,libs/ui/recipes-app/components/.eslintrc.json,apps/eshop-express-app/.eslintrc.json,apps/recipes-app/.eslintrc.json
[NX Daemon Server] - 2024-06-18T11:21:05.798Z - Time taken for 'hash changed files from watcher' 0.5326250000000528ms
[NX Daemon Server] - 2024-06-18T11:21:07.345Z - Established a connection. Number of open connections: 1
[NX Daemon Server] - 2024-06-18T11:21:07.345Z - Established a connection. Number of open connections: 2
[NX Daemon Server] - 2024-06-18T11:21:07.346Z - Closed a connection. Number of open connections: 1
[NX Daemon Server] - 2024-06-18T11:21:07.347Z - [REQUEST]: Client Request for Project Graph Received
[NX Daemon Server] - 2024-06-18T11:21:07.347Z - [REQUEST]: Responding to the client. project-graph
[NX Daemon Server] - 2024-06-18T11:21:07.347Z - Time taken for 'total for creating and serializing project graph' 0.25637500000038926ms
[NX Daemon Server] - 2024-06-18T11:21:07.349Z - Done responding to the client project-graph
[NX Daemon Server] - 2024-06-18T11:21:07.349Z - Handled REQUEST_PROJECT_GRAPH. Handling time: 0. Response time: 2.
[NX Daemon Server] - 2024-06-18T11:21:07.353Z - [REQUEST]: Client Request for Project Graph Received
[NX Daemon Server] - 2024-06-18T11:21:07.353Z - [REQUEST]: Responding to the client. project-graph
[NX Daemon Server] - 2024-06-18T11:21:07.354Z - Time taken for 'total for creating and serializing project graph' 0.21795800000018062ms
[NX Daemon Server] - 2024-06-18T11:21:07.356Z - Done responding to the client project-graph
[NX Daemon Server] - 2024-06-18T11:21:07.356Z - Handled REQUEST_PROJECT_GRAPH. Handling time: 0. Response time: 3.
[NX Daemon Server] - 2024-06-18T11:21:07.360Z - Established a connection. Number of open connections: 2
[NX Daemon Server] - 2024-06-18T11:23:02.882Z - [WATCHER]: eslint.config.js was modified
[NX Daemon Server] - 2024-06-18T11:23:02.883Z - [REQUEST]: Responding to the client. File watch changed
[NX Daemon Server] - 2024-06-18T11:23:02.884Z - Done responding to the client File watch changed
[NX Daemon Server] - 2024-06-18T11:23:02.884Z - Handled FILE-WATCH-CHANGED. Handling time: 0. Response time: 1.
[NX Daemon Server] - 2024-06-18T11:23:02.884Z - [WATCHER]: Processing file changes in outputs
[NX Daemon Server] - 2024-06-18T11:23:02.884Z - Time taken for 'changed-projects' 0.1582500000076834ms
[NX Daemon Server] - 2024-06-18T11:23:02.985Z - [REQUEST]: Updated workspace context based on watched changes, recomputing project graph...
[NX Daemon Server] - 2024-06-18T11:23:02.985Z - [REQUEST]: eslint.config.js
[NX Daemon Server] - 2024-06-18T11:23:02.985Z - [REQUEST]:
[NX Daemon Server] - 2024-06-18T11:23:03.055Z - Time taken for 'hash changed files from watcher' 0.3988329999992857ms
[NX Daemon Server] - 2024-06-18T11:23:03.888Z - [REQUEST]: Client Request for Project Graph Received
[NX Daemon Server] - 2024-06-18T11:23:03.889Z - [REQUEST]: Responding to the client. project-graph
[NX Daemon Server] - 2024-06-18T11:23:03.890Z - Time taken for 'total for creating and serializing project graph' 0.4092500000115251ms
[NX Daemon Server] - 2024-06-18T11:23:03.893Z - Done responding to the client project-graph
[NX Daemon Server] - 2024-06-18T11:23:03.893Z - Handled REQUEST_PROJECT_GRAPH. Handling time: 1. Response time: 4.
[NX Daemon Server] - 2024-06-18T11:23:03.902Z - [REQUEST]: Responding to the client with an error. Invalid payload from the client Unsupported payload sent to daemon server: {"type":"REQUEST_FILE_DATA"}
Error: Unsupported payload sent to daemon server: {"type":"REQUEST_FILE_DATA"}
    at handleMessage (/Users/martinlabik/Projects/Learning/learning-projects-monorepo/.nx/installation/node_modules/nx/src/daemon/server/server.js:125:104)
    at /Users/martinlabik/Projects/Learning/learning-projects-monorepo/.nx/installation/node_modules/nx/src/daemon/server/server.js:55:15
    at Socket.<anonymous> (/Users/martinlabik/Projects/Learning/learning-projects-monorepo/.nx/installation/node_modules/nx/src/utils/consume-messages-from-socket.js:13:17)
    at Socket.emit (node:events:518:28)
    at addChunk (node:internal/streams/readable:559:12)
    at readableAddChunkPushByteMode (node:internal/streams/readable:510:3)
    at Readable.push (node:internal/streams/readable:390:5)
    at Pipe.onStreamRead (node:internal/stream_base_commons:190:23)
[NX Daemon Server] - 2024-06-18T11:23:03.904Z - Done responding to the client null
[NX Daemon Server] - 2024-06-18T11:23:03.957Z - Closed a connection. Number of open connections: 1
[NX Daemon Server] - 2024-06-18T11:23:03.958Z - [REQUEST]: Client Request for Project Graph Received
[NX Daemon Server] - 2024-06-18T11:23:03.959Z - [REQUEST]: Responding to the client. project-graph
[NX Daemon Server] - 2024-06-18T11:23:03.959Z - Time taken for 'total for creating and serializing project graph' 0.37358400000084657ms
[NX Daemon Server] - 2024-06-18T11:23:03.961Z - Done responding to the client project-graph
[NX Daemon Server] - 2024-06-18T11:23:03.961Z - Handled REQUEST_PROJECT_GRAPH. Handling time: 1. Response time: 2.
[NX Daemon Server] - 2024-06-18T11:23:03.965Z - [REQUEST]: Client Request for Project Graph Received
[NX Daemon Server] - 2024-06-18T11:23:03.966Z - [REQUEST]: Responding to the client. project-graph
[NX Daemon Server] - 2024-06-18T11:23:03.966Z - Time taken for 'total for creating and serializing project graph' 0.3352500000037253ms
[NX Daemon Server] - 2024-06-18T11:23:03.968Z - Done responding to the client project-graph
[NX Daemon Server] - 2024-06-18T11:23:03.969Z - Handled REQUEST_PROJECT_GRAPH. Handling time: 1. Response time: 3.
[NX Daemon Server] - 2024-06-18T11:23:03.972Z - Established a connection. Number of open connections: 2
[NX Daemon Server] - 2024-06-18T11:23:04.978Z - [REQUEST]: Client Request for Project Graph Received
[NX Daemon Server] - 2024-06-18T11:23:04.979Z - [REQUEST]: Responding to the client. project-graph
[NX Daemon Server] - 2024-06-18T11:23:04.980Z - Time taken for 'total for creating and serializing project graph' 0.6089170000050217ms
[NX Daemon Server] - 2024-06-18T11:23:04.983Z - Done responding to the client project-graph
[NX Daemon Server] - 2024-06-18T11:23:04.983Z - Handled REQUEST_PROJECT_GRAPH. Handling time: 1. Response time: 4.
[NX Daemon Server] - 2024-06-18T11:23:04.990Z - [REQUEST]: Responding to the client with an error. Invalid payload from the client Unsupported payload sent to daemon server: {"type":"REQUEST_FILE_DATA"}
Error: Unsupported payload sent to daemon server: {"type":"REQUEST_FILE_DATA"}
    at handleMessage (/Users/martinlabik/Projects/Learning/learning-projects-monorepo/.nx/installation/node_modules/nx/src/daemon/server/server.js:125:104)
    at /Users/martinlabik/Projects/Learning/learning-projects-monorepo/.nx/installation/node_modules/nx/src/daemon/server/server.js:55:15
    at Socket.<anonymous> (/Users/martinlabik/Projects/Learning/learning-projects-monorepo/.nx/installation/node_modules/nx/src/utils/consume-messages-from-socket.js:13:17)
    at Socket.emit (node:events:518:28)
    at addChunk (node:internal/streams/readable:559:12)
    at readableAddChunkPushByteMode (node:internal/streams/readable:510:3)
    at Readable.push (node:internal/streams/readable:390:5)
    at Pipe.onStreamRead (node:internal/stream_base_commons:190:23)
[NX Daemon Server] - 2024-06-18T11:23:04.990Z - Done responding to the client null
[NX Daemon Server] - 2024-06-18T11:23:05.038Z - Closed a connection. Number of open connections: 1
[NX Daemon Server] - 2024-06-18T11:23:05.039Z - [REQUEST]: Client Request for Project Graph Received
[NX Daemon Server] - 2024-06-18T11:23:05.039Z - [REQUEST]: Responding to the client. project-graph
[NX Daemon Server] - 2024-06-18T11:23:05.040Z - Time taken for 'total for creating and serializing project graph' 0.3164580000011483ms
[NX Daemon Server] - 2024-06-18T11:23:05.042Z - Done responding to the client project-graph
[NX Daemon Server] - 2024-06-18T11:23:05.042Z - Handled REQUEST_PROJECT_GRAPH. Handling time: 0. Response time: 3.
[NX Daemon Server] - 2024-06-18T11:23:05.046Z - [REQUEST]: Client Request for Project Graph Received
[NX Daemon Server] - 2024-06-18T11:23:05.046Z - [REQUEST]: Responding to the client. project-graph
[NX Daemon Server] - 2024-06-18T11:23:05.047Z - Time taken for 'total for creating and serializing project graph' 0.2474999999976717ms
[NX Daemon Server] - 2024-06-18T11:23:05.049Z - Done responding to the client project-graph
[NX Daemon Server] - 2024-06-18T11:23:05.049Z - Handled REQUEST_PROJECT_GRAPH. Handling time: 0. Response time: 3.
[NX Daemon Server] - 2024-06-18T11:23:05.052Z - Established a connection. Number of open connections: 2
[NX Daemon Server] - 2024-06-18T11:23:09.058Z - [REQUEST]: Client Request for Project Graph Received
[NX Daemon Server] - 2024-06-18T11:23:09.059Z - [REQUEST]: Responding to the client. project-graph
[NX Daemon Server] - 2024-06-18T11:23:09.060Z - Time taken for 'total for creating and serializing project graph' 0.47866700000304263ms
[NX Daemon Server] - 2024-06-18T11:23:09.061Z - Done responding to the client project-graph
[NX Daemon Server] - 2024-06-18T11:23:09.062Z - Handled REQUEST_PROJECT_GRAPH. Handling time: 1. Response time: 3.
[NX Daemon Server] - 2024-06-18T11:23:09.068Z - [REQUEST]: Responding to the client with an error. Invalid payload from the client Unsupported payload sent to daemon server: {"type":"REQUEST_FILE_DATA"}
Error: Unsupported payload sent to daemon server: {"type":"REQUEST_FILE_DATA"}
    at handleMessage (/Users/martinlabik/Projects/Learning/learning-projects-monorepo/.nx/installation/node_modules/nx/src/daemon/server/server.js:125:104)
    at /Users/martinlabik/Projects/Learning/learning-projects-monorepo/.nx/installation/node_modules/nx/src/daemon/server/server.js:55:15
    at Socket.<anonymous> (/Users/martinlabik/Projects/Learning/learning-projects-monorepo/.nx/installation/node_modules/nx/src/utils/consume-messages-from-socket.js:13:17)
    at Socket.emit (node:events:518:28)
    at addChunk (node:internal/streams/readable:559:12)
    at readableAddChunkPushByteMode (node:internal/streams/readable:510:3)
    at Readable.push (node:internal/streams/readable:390:5)
    at Pipe.onStreamRead (node:internal/stream_base_commons:190:23)
[NX Daemon Server] - 2024-06-18T11:23:09.069Z - Done responding to the client null
[NX Daemon Server] - 2024-06-18T11:23:09.126Z - Closed a connection. Number of open connections: 1
[NX Daemon Server] - 2024-06-18T11:23:09.127Z - [REQUEST]: Client Request for Project Graph Received
[NX Daemon Server] - 2024-06-18T11:23:09.127Z - [REQUEST]: Responding to the client. project-graph
[NX Daemon Server] - 2024-06-18T11:23:09.128Z - Time taken for 'total for creating and serializing project graph' 0.2222499999916181ms
[NX Daemon Server] - 2024-06-18T11:23:09.130Z - Done responding to the client project-graph
[NX Daemon Server] - 2024-06-18T11:23:09.130Z - Handled REQUEST_PROJECT_GRAPH. Handling time: 0. Response time: 3.
[NX Daemon Server] - 2024-06-18T11:23:09.134Z - [REQUEST]: Client Request for Project Graph Received
[NX Daemon Server] - 2024-06-18T11:23:09.134Z - [REQUEST]: Responding to the client. project-graph
[NX Daemon Server] - 2024-06-18T11:23:09.135Z - Time taken for 'total for creating and serializing project graph' 0.38179200000013225ms
[NX Daemon Server] - 2024-06-18T11:23:09.136Z - Done responding to the client project-graph
[NX Daemon Server] - 2024-06-18T11:23:09.136Z - Handled REQUEST_PROJECT_GRAPH. Handling time: 0. Response time: 2.
[NX Daemon Server] - 2024-06-18T11:23:09.139Z - Established a connection. Number of open connections: 2
[NX Daemon Server] - 2024-06-18T11:23:18.144Z - [REQUEST]: Client Request for Project Graph Received
[NX Daemon Server] - 2024-06-18T11:23:18.145Z - [REQUEST]: Responding to the client. project-graph
[NX Daemon Server] - 2024-06-18T11:23:18.147Z - Time taken for 'total for creating and serializing project graph' 0.8053749999962747ms
[NX Daemon Server] - 2024-06-18T11:23:18.149Z - Done responding to the client project-graph
[NX Daemon Server] - 2024-06-18T11:23:18.150Z - Handled REQUEST_PROJECT_GRAPH. Handling time: 1. Response time: 5.
[NX Daemon Server] - 2024-06-18T11:23:18.156Z - [REQUEST]: Responding to the client with an error. Invalid payload from the client Unsupported payload sent to daemon server: {"type":"REQUEST_FILE_DATA"}
Error: Unsupported payload sent to daemon server: {"type":"REQUEST_FILE_DATA"}
    at handleMessage (/Users/martinlabik/Projects/Learning/learning-projects-monorepo/.nx/installation/node_modules/nx/src/daemon/server/server.js:125:104)
    at /Users/martinlabik/Projects/Learning/learning-projects-monorepo/.nx/installation/node_modules/nx/src/daemon/server/server.js:55:15
    at Socket.<anonymous> (/Users/martinlabik/Projects/Learning/learning-projects-monorepo/.nx/installation/node_modules/nx/src/utils/consume-messages-from-socket.js:13:17)
    at Socket.emit (node:events:518:28)
    at addChunk (node:internal/streams/readable:559:12)
    at readableAddChunkPushByteMode (node:internal/streams/readable:510:3)
    at Readable.push (node:internal/streams/readable:390:5)
    at Pipe.onStreamRead (node:internal/stream_base_commons:190:23)
[NX Daemon Server] - 2024-06-18T11:23:18.156Z - Done responding to the client null
[NX Daemon Server] - 2024-06-18T11:23:18.203Z - Closed a connection. Number of open connections: 1
[NX Daemon Server] - 2024-06-18T11:23:18.204Z - [REQUEST]: Client Request for Project Graph Received
[NX Daemon Server] - 2024-06-18T11:23:18.204Z - [REQUEST]: Responding to the client. project-graph
[NX Daemon Server] - 2024-06-18T11:23:18.205Z - Time taken for 'total for creating and serializing project graph' 0.18345899999258108ms
[NX Daemon Server] - 2024-06-18T11:23:18.206Z - Done responding to the client project-graph
[NX Daemon Server] - 2024-06-18T11:23:18.207Z - Handled REQUEST_PROJECT_GRAPH. Handling time: 0. Response time: 3.
[NX Daemon Server] - 2024-06-18T11:23:18.210Z - [REQUEST]: Client Request for Project Graph Received
[NX Daemon Server] - 2024-06-18T11:23:18.211Z - [REQUEST]: Responding to the client. project-graph
[NX Daemon Server] - 2024-06-18T11:23:18.212Z - Time taken for 'total for creating and serializing project graph' 0.2302919999929145ms
[NX Daemon Server] - 2024-06-18T11:23:18.214Z - Done responding to the client project-graph
[NX Daemon Server] - 2024-06-18T11:23:18.214Z - Handled REQUEST_PROJECT_GRAPH. Handling time: 1. Response time: 3.
[NX Daemon Server] - 2024-06-18T11:23:18.216Z - Established a connection. Number of open connections: 2
[NX Daemon Server] - 2024-06-18T11:23:44.393Z - [WATCHER]: apps/recipes-app/src/app/page.tsx was modified
[NX Daemon Server] - 2024-06-18T11:23:44.395Z - [REQUEST]: Responding to the client. File watch changed
[NX Daemon Server] - 2024-06-18T11:23:44.395Z - Done responding to the client File watch changed
[NX Daemon Server] - 2024-06-18T11:23:44.395Z - Handled FILE-WATCH-CHANGED. Handling time: 0. Response time: 0.
[NX Daemon Server] - 2024-06-18T11:23:44.395Z - [WATCHER]: Processing file changes in outputs
[NX Daemon Server] - 2024-06-18T11:23:44.395Z - Time taken for 'changed-projects' 0.520875000016531ms
[NX Daemon Server] - 2024-06-18T11:23:44.496Z - [REQUEST]: Updated workspace context based on watched changes, recomputing project graph...
[NX Daemon Server] - 2024-06-18T11:23:44.496Z - [REQUEST]: apps/recipes-app/src/app/page.tsx
[NX Daemon Server] - 2024-06-18T11:23:44.496Z - [REQUEST]:
[NX Daemon Server] - 2024-06-18T11:23:44.570Z - Time taken for 'hash changed files from watcher' 0.44579200001317076ms
[NX Daemon Server] - 2024-06-18T11:23:45.400Z - [REQUEST]: Client Request for Project Graph Received
[NX Daemon Server] - 2024-06-18T11:23:45.401Z - [REQUEST]: Responding to the client. project-graph
[NX Daemon Server] - 2024-06-18T11:23:45.402Z - Time taken for 'total for creating and serializing project graph' 0.6574169999803416ms
[NX Daemon Server] - 2024-06-18T11:23:45.405Z - Done responding to the client project-graph
[NX Daemon Server] - 2024-06-18T11:23:45.405Z - Handled REQUEST_PROJECT_GRAPH. Handling time: 1. Response time: 4.
[NX Daemon Server] - 2024-06-18T11:23:45.412Z - [REQUEST]: Responding to the client with an error. Invalid payload from the client Unsupported payload sent to daemon server: {"type":"REQUEST_FILE_DATA"}
Error: Unsupported payload sent to daemon server: {"type":"REQUEST_FILE_DATA"}
    at handleMessage (/Users/martinlabik/Projects/Learning/learning-projects-monorepo/.nx/installation/node_modules/nx/src/daemon/server/server.js:125:104)
    at /Users/martinlabik/Projects/Learning/learning-projects-monorepo/.nx/installation/node_modules/nx/src/daemon/server/server.js:55:15
    at Socket.<anonymous> (/Users/martinlabik/Projects/Learning/learning-projects-monorepo/.nx/installation/node_modules/nx/src/utils/consume-messages-from-socket.js:13:17)
    at Socket.emit (node:events:518:28)
    at addChunk (node:internal/streams/readable:559:12)
    at readableAddChunkPushByteMode (node:internal/streams/readable:510:3)
    at Readable.push (node:internal/streams/readable:390:5)
    at Pipe.onStreamRead (node:internal/stream_base_commons:190:23)
[NX Daemon Server] - 2024-06-18T11:23:45.413Z - Done responding to the client null
[NX Daemon Server] - 2024-06-18T11:23:45.466Z - Closed a connection. Number of open connections: 1
[NX Daemon Server] - 2024-06-18T11:23:45.467Z - [REQUEST]: Client Request for Project Graph Received
[NX Daemon Server] - 2024-06-18T11:23:45.467Z - [REQUEST]: Responding to the client. project-graph
[NX Daemon Server] - 2024-06-18T11:23:45.467Z - Time taken for 'total for creating and serializing project graph' 0.13416699998197146ms
[NX Daemon Server] - 2024-06-18T11:23:45.470Z - Done responding to the client project-graph
[NX Daemon Server] - 2024-06-18T11:23:45.470Z - Handled REQUEST_PROJECT_GRAPH. Handling time: 0. Response time: 3.
[NX Daemon Server] - 2024-06-18T11:23:45.473Z - [REQUEST]: Client Request for Project Graph Received
[NX Daemon Server] - 2024-06-18T11:23:45.473Z - [REQUEST]: Responding to the client. project-graph
[NX Daemon Server] - 2024-06-18T11:23:45.474Z - Time taken for 'total for creating and serializing project graph' 0.13833399998839013ms
[NX Daemon Server] - 2024-06-18T11:23:45.476Z - Done responding to the client project-graph
[NX Daemon Server] - 2024-06-18T11:23:45.476Z - Handled REQUEST_PROJECT_GRAPH. Handling time: 0. Response time: 3.
[NX Daemon Server] - 2024-06-18T11:23:45.480Z - Established a connection. Number of open connections: 2
[NX Daemon Server] - 2024-06-18T11:23:46.486Z - [REQUEST]: Client Request for Project Graph Received
[NX Daemon Server] - 2024-06-18T11:23:46.486Z - [REQUEST]: Responding to the client. project-graph
[NX Daemon Server] - 2024-06-18T11:23:46.487Z - Time taken for 'total for creating and serializing project graph' 0.4429999999993015ms
[NX Daemon Server] - 2024-06-18T11:23:46.491Z - Done responding to the client project-graph
[NX Daemon Server] - 2024-06-18T11:23:46.491Z - Handled REQUEST_PROJECT_GRAPH. Handling time: 0. Response time: 5.
[NX Daemon Server] - 2024-06-18T11:23:46.501Z - [REQUEST]: Responding to the client with an error. Invalid payload from the client Unsupported payload sent to daemon server: {"type":"REQUEST_FILE_DATA"}
Error: Unsupported payload sent to daemon server: {"type":"REQUEST_FILE_DATA"}
    at handleMessage (/Users/martinlabik/Projects/Learning/learning-projects-monorepo/.nx/installation/node_modules/nx/src/daemon/server/server.js:125:104)
    at /Users/martinlabik/Projects/Learning/learning-projects-monorepo/.nx/installation/node_modules/nx/src/daemon/server/server.js:55:15
    at Socket.<anonymous> (/Users/martinlabik/Projects/Learning/learning-projects-monorepo/.nx/installation/node_modules/nx/src/utils/consume-messages-from-socket.js:13:17)
    at Socket.emit (node:events:518:28)
    at addChunk (node:internal/streams/readable:559:12)
    at readableAddChunkPushByteMode (node:internal/streams/readable:510:3)
    at Readable.push (node:internal/streams/readable:390:5)
    at Pipe.onStreamRead (node:internal/stream_base_commons:190:23)
[NX Daemon Server] - 2024-06-18T11:23:46.501Z - Done responding to the client null
[NX Daemon Server] - 2024-06-18T11:23:46.547Z - Closed a connection. Number of open connections: 1
[NX Daemon Server] - 2024-06-18T11:23:46.548Z - [REQUEST]: Client Request for Project Graph Received
[NX Daemon Server] - 2024-06-18T11:23:46.548Z - [REQUEST]: Responding to the client. project-graph
[NX Daemon Server] - 2024-06-18T11:23:46.549Z - Time taken for 'total for creating and serializing project graph' 0.22899999999208376ms
[NX Daemon Server] - 2024-06-18T11:23:46.551Z - Done responding to the client project-graph
[NX Daemon Server] - 2024-06-18T11:23:46.551Z - Handled REQUEST_PROJECT_GRAPH. Handling time: 0. Response time: 3.
[NX Daemon Server] - 2024-06-18T11:23:46.554Z - [REQUEST]: Client Request for Project Graph Received
[NX Daemon Server] - 2024-06-18T11:23:46.555Z - [REQUEST]: Responding to the client. project-graph
[NX Daemon Server] - 2024-06-18T11:23:46.555Z - Time taken for 'total for creating and serializing project graph' 0.18691600000602193ms
[NX Daemon Server] - 2024-06-18T11:23:46.558Z - Done responding to the client project-graph
[NX Daemon Server] - 2024-06-18T11:23:46.558Z - Handled REQUEST_PROJECT_GRAPH. Handling time: 1. Response time: 3.
[NX Daemon Server] - 2024-06-18T11:23:46.560Z - Established a connection. Number of open connections: 2
[NX Daemon Server] - 2024-06-18T11:23:50.563Z - [REQUEST]: Client Request for Project Graph Received
[NX Daemon Server] - 2024-06-18T11:23:50.563Z - [REQUEST]: Responding to the client. project-graph
[NX Daemon Server] - 2024-06-18T11:23:50.564Z - Time taken for 'total for creating and serializing project graph' 0.2860839999921154ms
[NX Daemon Server] - 2024-06-18T11:23:50.566Z - Done responding to the client project-graph
[NX Daemon Server] - 2024-06-18T11:23:50.566Z - Handled REQUEST_PROJECT_GRAPH. Handling time: 0. Response time: 3.
[NX Daemon Server] - 2024-06-18T11:23:50.570Z - [REQUEST]: Responding to the client with an error. Invalid payload from the client Unsupported payload sent to daemon server: {"type":"REQUEST_FILE_DATA"}
Error: Unsupported payload sent to daemon server: {"type":"REQUEST_FILE_DATA"}
    at handleMessage (/Users/martinlabik/Projects/Learning/learning-projects-monorepo/.nx/installation/node_modules/nx/src/daemon/server/server.js:125:104)
    at /Users/martinlabik/Projects/Learning/learning-projects-monorepo/.nx/installation/node_modules/nx/src/daemon/server/server.js:55:15
    at Socket.<anonymous> (/Users/martinlabik/Projects/Learning/learning-projects-monorepo/.nx/installation/node_modules/nx/src/utils/consume-messages-from-socket.js:13:17)
    at Socket.emit (node:events:518:28)
    at addChunk (node:internal/streams/readable:559:12)
    at readableAddChunkPushByteMode (node:internal/streams/readable:510:3)
    at Readable.push (node:internal/streams/readable:390:5)
    at Pipe.onStreamRead (node:internal/stream_base_commons:190:23)
[NX Daemon Server] - 2024-06-18T11:23:50.571Z - Done responding to the client null
[NX Daemon Server] - 2024-06-18T11:23:50.610Z - Closed a connection. Number of open connections: 1
[NX Daemon Server] - 2024-06-18T11:23:50.611Z - [REQUEST]: Client Request for Project Graph Received
[NX Daemon Server] - 2024-06-18T11:23:50.612Z - [REQUEST]: Responding to the client. project-graph
[NX Daemon Server] - 2024-06-18T11:23:50.613Z - Time taken for 'total for creating and serializing project graph' 0.21504099998855963ms
[NX Daemon Server] - 2024-06-18T11:23:50.615Z - Done responding to the client project-graph
[NX Daemon Server] - 2024-06-18T11:23:50.615Z - Handled REQUEST_PROJECT_GRAPH. Handling time: 1. Response time: 3.
[NX Daemon Server] - 2024-06-18T11:23:50.619Z - [REQUEST]: Client Request for Project Graph Received
[NX Daemon Server] - 2024-06-18T11:23:50.619Z - [REQUEST]: Responding to the client. project-graph
[NX Daemon Server] - 2024-06-18T11:23:50.620Z - Time taken for 'total for creating and serializing project graph' 0.19120800000382587ms
[NX Daemon Server] - 2024-06-18T11:23:50.622Z - Done responding to the client project-graph
[NX Daemon Server] - 2024-06-18T11:23:50.622Z - Handled REQUEST_PROJECT_GRAPH. Handling time: 0. Response time: 3.
[NX Daemon Server] - 2024-06-18T11:23:50.625Z - Established a connection. Number of open connections: 2
[NX Daemon Server] - 2024-06-18T11:23:57.598Z - [WATCHER]: apps/recipes-app/src/app/page.tsx was modified
[NX Daemon Server] - 2024-06-18T11:23:57.599Z - [REQUEST]: Responding to the client. File watch changed
[NX Daemon Server] - 2024-06-18T11:23:57.599Z - Done responding to the client File watch changed
[NX Daemon Server] - 2024-06-18T11:23:57.599Z - Handled FILE-WATCH-CHANGED. Handling time: 0. Response time: 0.
[NX Daemon Server] - 2024-06-18T11:23:57.599Z - [WATCHER]: Processing file changes in outputs
[NX Daemon Server] - 2024-06-18T11:23:57.599Z - Time taken for 'changed-projects' 0.15454200000385754ms
[NX Daemon Server] - 2024-06-18T11:23:57.701Z - [REQUEST]: Updated workspace context based on watched changes, recomputing project graph...
[NX Daemon Server] - 2024-06-18T11:23:57.701Z - [REQUEST]: apps/recipes-app/src/app/page.tsx
[NX Daemon Server] - 2024-06-18T11:23:57.701Z - [REQUEST]:
[NX Daemon Server] - 2024-06-18T11:23:57.775Z - Time taken for 'hash changed files from watcher' 0.40204099999391474ms
[NX Daemon Server] - 2024-06-18T11:23:58.604Z - [REQUEST]: Client Request for Project Graph Received
[NX Daemon Server] - 2024-06-18T11:23:58.604Z - [REQUEST]: Responding to the client. project-graph
[NX Daemon Server] - 2024-06-18T11:23:58.605Z - Time taken for 'total for creating and serializing project graph' 0.3124589999788441ms
[NX Daemon Server] - 2024-06-18T11:23:58.607Z - Done responding to the client project-graph
[NX Daemon Server] - 2024-06-18T11:23:58.607Z - Handled REQUEST_PROJECT_GRAPH. Handling time: 0. Response time: 3.
[NX Daemon Server] - 2024-06-18T11:23:58.614Z - [REQUEST]: Responding to the client with an error. Invalid payload from the client Unsupported payload sent to daemon server: {"type":"REQUEST_FILE_DATA"}
Error: Unsupported payload sent to daemon server: {"type":"REQUEST_FILE_DATA"}
    at handleMessage (/Users/martinlabik/Projects/Learning/learning-projects-monorepo/.nx/installation/node_modules/nx/src/daemon/server/server.js:125:104)
    at /Users/martinlabik/Projects/Learning/learning-projects-monorepo/.nx/installation/node_modules/nx/src/daemon/server/server.js:55:15
    at Socket.<anonymous> (/Users/martinlabik/Projects/Learning/learning-projects-monorepo/.nx/installation/node_modules/nx/src/utils/consume-messages-from-socket.js:13:17)
    at Socket.emit (node:events:518:28)
    at addChunk (node:internal/streams/readable:559:12)
    at readableAddChunkPushByteMode (node:internal/streams/readable:510:3)
    at Readable.push (node:internal/streams/readable:390:5)
    at Pipe.onStreamRead (node:internal/stream_base_commons:190:23)
[NX Daemon Server] - 2024-06-18T11:23:58.614Z - Done responding to the client null
[NX Daemon Server] - 2024-06-18T11:23:58.670Z - Closed a connection. Number of open connections: 1
[NX Daemon Server] - 2024-06-18T11:23:58.672Z - [REQUEST]: Client Request for Project Graph Received
[NX Daemon Server] - 2024-06-18T11:23:58.672Z - [REQUEST]: Responding to the client. project-graph
[NX Daemon Server] - 2024-06-18T11:23:58.673Z - Time taken for 'total for creating and serializing project graph' 0.2706250000046566ms
[NX Daemon Server] - 2024-06-18T11:23:58.675Z - Done responding to the client project-graph
[NX Daemon Server] - 2024-06-18T11:23:58.675Z - Handled REQUEST_PROJECT_GRAPH. Handling time: 0. Response time: 3.
[NX Daemon Server] - 2024-06-18T11:23:58.679Z - [REQUEST]: Client Request for Project Graph Received
[NX Daemon Server] - 2024-06-18T11:23:58.680Z - [REQUEST]: Responding to the client. project-graph
[NX Daemon Server] - 2024-06-18T11:23:58.680Z - Time taken for 'total for creating and serializing project graph' 0.2148330000054557ms
[NX Daemon Server] - 2024-06-18T11:23:58.683Z - Done responding to the client project-graph
[NX Daemon Server] - 2024-06-18T11:23:58.683Z - Handled REQUEST_PROJECT_GRAPH. Handling time: 1. Response time: 3.
[NX Daemon Server] - 2024-06-18T11:23:58.686Z - Established a connection. Number of open connections: 2
[NX Daemon Server] - 2024-06-18T11:23:59.631Z - [REQUEST]: Client Request for Project Graph Received
[NX Daemon Server] - 2024-06-18T11:23:59.631Z - [REQUEST]: Responding to the client. project-graph
[NX Daemon Server] - 2024-06-18T11:23:59.632Z - Time taken for 'total for creating and serializing project graph' 0.4284170000173617ms
[NX Daemon Server] - 2024-06-18T11:23:59.634Z - Done responding to the client project-graph
[NX Daemon Server] - 2024-06-18T11:23:59.634Z - Handled REQUEST_PROJECT_GRAPH. Handling time: 1. Response time: 3.
[NX Daemon Server] - 2024-06-18T11:23:59.641Z - [REQUEST]: Responding to the client with an error. Invalid payload from the client Unsupported payload sent to daemon server: {"type":"REQUEST_FILE_DATA"}
Error: Unsupported payload sent to daemon server: {"type":"REQUEST_FILE_DATA"}
    at handleMessage (/Users/martinlabik/Projects/Learning/learning-projects-monorepo/.nx/installation/node_modules/nx/src/daemon/server/server.js:125:104)
    at /Users/martinlabik/Projects/Learning/learning-projects-monorepo/.nx/installation/node_modules/nx/src/daemon/server/server.js:55:15
    at Socket.<anonymous> (/Users/martinlabik/Projects/Learning/learning-projects-monorepo/.nx/installation/node_modules/nx/src/utils/consume-messages-from-socket.js:13:17)
    at Socket.emit (node:events:518:28)
    at addChunk (node:internal/streams/readable:559:12)
    at readableAddChunkPushByteMode (node:internal/streams/readable:510:3)
    at Readable.push (node:internal/streams/readable:390:5)
    at Pipe.onStreamRead (node:internal/stream_base_commons:190:23)
[NX Daemon Server] - 2024-06-18T11:23:59.641Z - Done responding to the client null
[NX Daemon Server] - 2024-06-18T11:23:59.693Z - Closed a connection. Number of open connections: 1
[NX Daemon Server] - 2024-06-18T11:23:59.694Z - [REQUEST]: Client Request for Project Graph Received
[NX Daemon Server] - 2024-06-18T11:23:59.694Z - [REQUEST]: Responding to the client. project-graph
[NX Daemon Server] - 2024-06-18T11:23:59.695Z - Time taken for 'total for creating and serializing project graph' 0.5872919999819715ms
[NX Daemon Server] - 2024-06-18T11:23:59.697Z - Done responding to the client project-graph
[NX Daemon Server] - 2024-06-18T11:23:59.697Z - Handled REQUEST_PROJECT_GRAPH. Handling time: 0. Response time: 3.
[NX Daemon Server] - 2024-06-18T11:23:59.701Z - [REQUEST]: Client Request for Project Graph Received
[NX Daemon Server] - 2024-06-18T11:23:59.701Z - [REQUEST]: Responding to the client. project-graph
[NX Daemon Server] - 2024-06-18T11:23:59.701Z - Time taken for 'total for creating and serializing project graph' 0.18383299998822622ms
[NX Daemon Server] - 2024-06-18T11:23:59.703Z - Done responding to the client project-graph
[NX Daemon Server] - 2024-06-18T11:23:59.703Z - Handled REQUEST_PROJECT_GRAPH. Handling time: 0. Response time: 2.
[NX Daemon Server] - 2024-06-18T11:23:59.706Z - Established a connection. Number of open connections: 2
[NX Daemon Server] - 2024-06-18T11:24:00.710Z - [REQUEST]: Client Request for Project Graph Received
[NX Daemon Server] - 2024-06-18T11:24:00.710Z - [REQUEST]: Responding to the client. project-graph
[NX Daemon Server] - 2024-06-18T11:24:00.711Z - Time taken for 'total for creating and serializing project graph' 0.2900000000081491ms
[NX Daemon Server] - 2024-06-18T11:24:00.714Z - Done responding to the client project-graph
[NX Daemon Server] - 2024-06-18T11:24:00.715Z - Handled REQUEST_PROJECT_GRAPH. Handling time: 0. Response time: 5.
[NX Daemon Server] - 2024-06-18T11:24:00.720Z - [REQUEST]: Responding to the client with an error. Invalid payload from the client Unsupported payload sent to daemon server: {"type":"REQUEST_FILE_DATA"}
Error: Unsupported payload sent to daemon server: {"type":"REQUEST_FILE_DATA"}
    at handleMessage (/Users/martinlabik/Projects/Learning/learning-projects-monorepo/.nx/installation/node_modules/nx/src/daemon/server/server.js:125:104)
    at /Users/martinlabik/Projects/Learning/learning-projects-monorepo/.nx/installation/node_modules/nx/src/daemon/server/server.js:55:15
    at Socket.<anonymous> (/Users/martinlabik/Projects/Learning/learning-projects-monorepo/.nx/installation/node_modules/nx/src/utils/consume-messages-from-socket.js:13:17)
    at Socket.emit (node:events:518:28)
    at addChunk (node:internal/streams/readable:559:12)
    at readableAddChunkPushByteMode (node:internal/streams/readable:510:3)
    at Readable.push (node:internal/streams/readable:390:5)
    at Pipe.onStreamRead (node:internal/stream_base_commons:190:23)
[NX Daemon Server] - 2024-06-18T11:24:00.720Z - Done responding to the client null
[NX Daemon Server] - 2024-06-18T11:24:00.773Z - Closed a connection. Number of open connections: 1
[NX Daemon Server] - 2024-06-18T11:24:00.774Z - [REQUEST]: Client Request for Project Graph Received
[NX Daemon Server] - 2024-06-18T11:24:00.774Z - [REQUEST]: Responding to the client. project-graph
[NX Daemon Server] - 2024-06-18T11:24:00.775Z - Time taken for 'total for creating and serializing project graph' 0.16412500001024455ms
[NX Daemon Server] - 2024-06-18T11:24:00.777Z - Done responding to the client project-graph
[NX Daemon Server] - 2024-06-18T11:24:00.777Z - Handled REQUEST_PROJECT_GRAPH. Handling time: 0. Response time: 3.
[NX Daemon Server] - 2024-06-18T11:24:00.781Z - [REQUEST]: Client Request for Project Graph Received
[NX Daemon Server] - 2024-06-18T11:24:00.781Z - [REQUEST]: Responding to the client. project-graph
[NX Daemon Server] - 2024-06-18T11:24:00.782Z - Time taken for 'total for creating and serializing project graph' 0.3910840000025928ms
[NX Daemon Server] - 2024-06-18T11:24:00.783Z - Done responding to the client project-graph
[NX Daemon Server] - 2024-06-18T11:24:00.784Z - Handled REQUEST_PROJECT_GRAPH. Handling time: 0. Response time: 2.
[NX Daemon Server] - 2024-06-18T11:24:00.787Z - Established a connection. Number of open connections: 2
[NX Daemon Server] - 2024-06-18T11:24:04.790Z - [REQUEST]: Client Request for Project Graph Received
[NX Daemon Server] - 2024-06-18T11:24:04.790Z - [REQUEST]: Responding to the client. project-graph
[NX Daemon Server] - 2024-06-18T11:24:04.791Z - Time taken for 'total for creating and serializing project graph' 0.2691669999912847ms
[NX Daemon Server] - 2024-06-18T11:24:04.793Z - Done responding to the client project-graph
[NX Daemon Server] - 2024-06-18T11:24:04.793Z - Handled REQUEST_PROJECT_GRAPH. Handling time: 0. Response time: 3.
[NX Daemon Server] - 2024-06-18T11:24:04.800Z - [REQUEST]: Responding to the client with an error. Invalid payload from the client Unsupported payload sent to daemon server: {"type":"REQUEST_FILE_DATA"}
Error: Unsupported payload sent to daemon server: {"type":"REQUEST_FILE_DATA"}
    at handleMessage (/Users/martinlabik/Projects/Learning/learning-projects-monorepo/.nx/installation/node_modules/nx/src/daemon/server/server.js:125:104)
    at /Users/martinlabik/Projects/Learning/learning-projects-monorepo/.nx/installation/node_modules/nx/src/daemon/server/server.js:55:15
    at Socket.<anonymous> (/Users/martinlabik/Projects/Learning/learning-projects-monorepo/.nx/installation/node_modules/nx/src/utils/consume-messages-from-socket.js:13:17)
    at Socket.emit (node:events:518:28)
    at addChunk (node:internal/streams/readable:559:12)
    at readableAddChunkPushByteMode (node:internal/streams/readable:510:3)
    at Readable.push (node:internal/streams/readable:390:5)
    at Pipe.onStreamRead (node:internal/stream_base_commons:190:23)
[NX Daemon Server] - 2024-06-18T11:24:04.801Z - Done responding to the client null
[NX Daemon Server] - 2024-06-18T11:24:04.845Z - Closed a connection. Number of open connections: 1
[NX Daemon Server] - 2024-06-18T11:24:04.846Z - [REQUEST]: Client Request for Project Graph Received
[NX Daemon Server] - 2024-06-18T11:24:04.847Z - [REQUEST]: Responding to the client. project-graph
[NX Daemon Server] - 2024-06-18T11:24:04.847Z - Time taken for 'total for creating and serializing project graph' 0.33179199998266995ms
[NX Daemon Server] - 2024-06-18T11:24:04.849Z - Done responding to the client project-graph
[NX Daemon Server] - 2024-06-18T11:24:04.849Z - Handled REQUEST_PROJECT_GRAPH. Handling time: 1. Response time: 2.
[NX Daemon Server] - 2024-06-18T11:24:04.853Z - [REQUEST]: Client Request for Project Graph Received
[NX Daemon Server] - 2024-06-18T11:24:04.853Z - [REQUEST]: Responding to the client. project-graph
[NX Daemon Server] - 2024-06-18T11:24:04.853Z - Time taken for 'total for creating and serializing project graph' 0.14966700001969002ms
[NX Daemon Server] - 2024-06-18T11:24:04.855Z - Done responding to the client project-graph
[NX Daemon Server] - 2024-06-18T11:24:04.855Z - Handled REQUEST_PROJECT_GRAPH. Handling time: 0. Response time: 2.
[NX Daemon Server] - 2024-06-18T11:24:04.858Z - Established a connection. Number of open connections: 2
[NX Daemon Server] - 2024-06-18T11:24:13.862Z - [REQUEST]: Client Request for Project Graph Received
[NX Daemon Server] - 2024-06-18T11:24:13.863Z - [REQUEST]: Responding to the client. project-graph
[NX Daemon Server] - 2024-06-18T11:24:13.865Z - Time taken for 'total for creating and serializing project graph' 0.6046670000068843ms
[NX Daemon Server] - 2024-06-18T11:24:13.866Z - Done responding to the client project-graph
[NX Daemon Server] - 2024-06-18T11:24:13.866Z - Handled REQUEST_PROJECT_GRAPH. Handling time: 1. Response time: 3.
[NX Daemon Server] - 2024-06-18T11:24:13.873Z - [REQUEST]: Responding to the client with an error. Invalid payload from the client Unsupported payload sent to daemon server: {"type":"REQUEST_FILE_DATA"}
Error: Unsupported payload sent to daemon server: {"type":"REQUEST_FILE_DATA"}
    at handleMessage (/Users/martinlabik/Projects/Learning/learning-projects-monorepo/.nx/installation/node_modules/nx/src/daemon/server/server.js:125:104)
    at /Users/martinlabik/Projects/Learning/learning-projects-monorepo/.nx/installation/node_modules/nx/src/daemon/server/server.js:55:15
    at Socket.<anonymous> (/Users/martinlabik/Projects/Learning/learning-projects-monorepo/.nx/installation/node_modules/nx/src/utils/consume-messages-from-socket.js:13:17)
    at Socket.emit (node:events:518:28)
    at addChunk (node:internal/streams/readable:559:12)
    at readableAddChunkPushByteMode (node:internal/streams/readable:510:3)
    at Readable.push (node:internal/streams/readable:390:5)
    at Pipe.onStreamRead (node:internal/stream_base_commons:190:23)
[NX Daemon Server] - 2024-06-18T11:24:13.873Z - Done responding to the client null
[NX Daemon Server] - 2024-06-18T11:24:13.922Z - Closed a connection. Number of open connections: 1
[NX Daemon Server] - 2024-06-18T11:24:13.923Z - [REQUEST]: Client Request for Project Graph Received
[NX Daemon Server] - 2024-06-18T11:24:13.924Z - [REQUEST]: Responding to the client. project-graph
[NX Daemon Server] - 2024-06-18T11:24:13.925Z - Time taken for 'total for creating and serializing project graph' 0.16000000000349246ms
[NX Daemon Server] - 2024-06-18T11:24:13.926Z - Done responding to the client project-graph
[NX Daemon Server] - 2024-06-18T11:24:13.926Z - Handled REQUEST_PROJECT_GRAPH. Handling time: 1. Response time: 2.
[NX Daemon Server] - 2024-06-18T11:24:13.930Z - [REQUEST]: Client Request for Project Graph Received
[NX Daemon Server] - 2024-06-18T11:24:13.931Z - [REQUEST]: Responding to the client. project-graph
[NX Daemon Server] - 2024-06-18T11:24:13.932Z - Time taken for 'total for creating and serializing project graph' 0.25020899999071844ms
[NX Daemon Server] - 2024-06-18T11:24:13.933Z - Done responding to the client project-graph
[NX Daemon Server] - 2024-06-18T11:24:13.933Z - Handled REQUEST_PROJECT_GRAPH. Handling time: 1. Response time: 2.
[NX Daemon Server] - 2024-06-18T11:24:13.937Z - Established a connection. Number of open connections: 2
[NX Daemon Server] - 2024-06-18T11:26:25.169Z - Closed a connection. Number of open connections: 1
[NX Daemon Server] - 2024-06-18T11:26:25.177Z - Closed a connection. Number of open connections: 0
[NX Daemon Server] - 2024-06-18T11:29:03.611Z - [WATCHER]: apps/recipes-app/src/app/page.tsx was modified
[NX Daemon Server] - 2024-06-18T11:29:03.612Z - [WATCHER]: Processing file changes in outputs
[NX Daemon Server] - 2024-06-18T11:29:03.713Z - [REQUEST]: Updated workspace context based on watched changes, recomputing project graph...
[NX Daemon Server] - 2024-06-18T11:29:03.714Z - [REQUEST]: apps/recipes-app/src/app/page.tsx
[NX Daemon Server] - 2024-06-18T11:29:03.714Z - [REQUEST]:
[NX Daemon Server] - 2024-06-18T11:29:03.774Z - Time taken for 'hash changed files from watcher' 0.2906669999938458ms
[NX Daemon Server] - 2024-06-18T11:30:45.826Z - [WATCHER]: eslint.config.js was modified
[NX Daemon Server] - 2024-06-18T11:30:45.826Z - [WATCHER]: Processing file changes in outputs
[NX Daemon Server] - 2024-06-18T11:30:46.028Z - [REQUEST]: Updated workspace context based on watched changes, recomputing project graph...
[NX Daemon Server] - 2024-06-18T11:30:46.028Z - [REQUEST]: eslint.config.js
[NX Daemon Server] - 2024-06-18T11:30:46.029Z - [REQUEST]:
[NX Daemon Server] - 2024-06-18T11:30:46.097Z - Time taken for 'hash changed files from watcher' 0.5742910000262782ms
[NX Daemon Server] - 2024-06-18T11:33:23.882Z - [WATCHER]: eslint.config.js was modified
[NX Daemon Server] - 2024-06-18T11:33:23.882Z - [WATCHER]: Processing file changes in outputs
[NX Daemon Server] - 2024-06-18T11:33:24.284Z - [REQUEST]: Updated workspace context based on watched changes, recomputing project graph...
[NX Daemon Server] - 2024-06-18T11:33:24.284Z - [REQUEST]: eslint.config.js
[NX Daemon Server] - 2024-06-18T11:33:24.284Z - [REQUEST]:
[NX Daemon Server] - 2024-06-18T11:33:24.342Z - Time taken for 'hash changed files from watcher' 0.30554199998732656ms
[NX Daemon Server] - 2024-06-18T11:34:30.806Z - [WATCHER]: apps/recipes-app/src/app/page.tsx was modified
[NX Daemon Server] - 2024-06-18T11:34:30.806Z - [WATCHER]: Processing file changes in outputs
[NX Daemon Server] - 2024-06-18T11:34:31.608Z - [REQUEST]: Updated workspace context based on watched changes, recomputing project graph...
[NX Daemon Server] - 2024-06-18T11:34:31.608Z - [REQUEST]: apps/recipes-app/src/app/page.tsx
[NX Daemon Server] - 2024-06-18T11:34:31.608Z - [REQUEST]:
[NX Daemon Server] - 2024-06-18T11:34:31.676Z - Time taken for 'hash changed files from watcher' 0.39045900001656264ms
[NX Daemon Server] - 2024-06-18T11:34:35.301Z - [WATCHER]: apps/recipes-app/src/app/page.tsx was modified
[NX Daemon Server] - 2024-06-18T11:34:35.301Z - [WATCHER]: Processing file changes in outputs
[NX Daemon Server] - 2024-06-18T11:34:36.903Z - [REQUEST]: Updated workspace context based on watched changes, recomputing project graph...
[NX Daemon Server] - 2024-06-18T11:34:36.904Z - [REQUEST]: apps/recipes-app/src/app/page.tsx
[NX Daemon Server] - 2024-06-18T11:34:36.904Z - [REQUEST]:
[NX Daemon Server] - 2024-06-18T11:34:36.971Z - Time taken for 'hash changed files from watcher' 0.6011249999282882ms
[NX Daemon Server] - 2024-06-18T11:34:42.729Z - [WATCHER]: apps/recipes-app/src/app/page.tsx was modified
[NX Daemon Server] - 2024-06-18T11:34:42.729Z - [WATCHER]: Processing file changes in outputs
[NX Daemon Server] - 2024-06-18T11:34:45.929Z - [REQUEST]: Updated workspace context based on watched changes, recomputing project graph...
[NX Daemon Server] - 2024-06-18T11:34:45.929Z - [REQUEST]: apps/recipes-app/src/app/page.tsx
[NX Daemon Server] - 2024-06-18T11:34:45.929Z - [REQUEST]:
[NX Daemon Server] - 2024-06-18T11:34:45.998Z - Time taken for 'hash changed files from watcher' 0.3985840000677854ms
[NX Daemon Server] - 2024-06-18T11:35:07.476Z - [WATCHER]: apps/recipes-app/src/app/page.tsx was modified
[NX Daemon Server] - 2024-06-18T11:35:07.476Z - [WATCHER]: Processing file changes in outputs
[NX Daemon Server] - 2024-06-18T11:35:13.877Z - [REQUEST]: Updated workspace context based on watched changes, recomputing project graph...
[NX Daemon Server] - 2024-06-18T11:35:13.877Z - [REQUEST]: apps/recipes-app/src/app/page.tsx
[NX Daemon Server] - 2024-06-18T11:35:13.877Z - [REQUEST]:
[NX Daemon Server] - 2024-06-18T11:35:13.946Z - Time taken for 'hash changed files from watcher' 0.6099999999860302ms
[NX Daemon Server] - 2024-06-18T11:36:46.216Z - [WATCHER]: Processing file changes in outputs
[NX Daemon Server] - 2024-06-18T11:36:47.233Z - [WATCHER]: Processing file changes in outputs
[NX Daemon Server] - 2024-06-18T11:36:47.495Z - [WATCHER]: Processing file changes in outputs
[NX Daemon Server] - 2024-06-18T11:36:47.573Z - [WATCHER]: Processing file changes in outputs
[NX Daemon Server] - 2024-06-18T11:36:48.913Z - [WATCHER]: Processing file changes in outputs
[NX Daemon Server] - 2024-06-18T11:37:04.150Z - [WATCHER]: Processing file changes in outputs
[NX Daemon Server] - 2024-06-18T11:37:06.697Z - [WATCHER]: Processing file changes in outputs
[NX Daemon Server] - 2024-06-18T11:37:07.973Z - [WATCHER]: Processing file changes in outputs
[NX Daemon Server] - 2024-06-18T11:37:08.631Z - [WATCHER]: Processing file changes in outputs
[NX Daemon Server] - 2024-06-18T11:37:08.801Z - [WATCHER]: Processing file changes in outputs
[NX Daemon Server] - 2024-06-18T11:37:09.130Z - [WATCHER]: Processing file changes in outputs
[NX Daemon Server] - 2024-06-18T11:38:05.365Z - [WATCHER]: libs/ui/react-components/eslint.config.js was modified
[NX Daemon Server] - 2024-06-18T11:38:05.366Z - [WATCHER]: Processing file changes in outputs
[NX Daemon Server] - 2024-06-18T11:38:08.181Z - [WATCHER]: libs/ui/react-components/eslint.config.js was modified
[NX Daemon Server] - 2024-06-18T11:38:08.182Z - [WATCHER]: Processing file changes in outputs
[NX Daemon Server] - 2024-06-18T11:38:11.767Z - [REQUEST]: Updated workspace context based on watched changes, recomputing project graph...
[NX Daemon Server] - 2024-06-18T11:38:11.768Z - [REQUEST]: libs/ui/react-components/eslint.config.js
[NX Daemon Server] - 2024-06-18T11:38:11.768Z - [REQUEST]:
[NX Daemon Server] - 2024-06-18T11:38:11.840Z - Time taken for 'hash changed files from watcher' 0.4557920000515878ms
[NX Daemon Server] - 2024-06-18T11:40:25.054Z - [WATCHER]: libs/ui/react-components/src/lib/react-components.tsx was modified
[NX Daemon Server] - 2024-06-18T11:40:25.054Z - [WATCHER]: Processing file changes in outputs
[NX Daemon Server] - 2024-06-18T11:40:25.189Z - [WATCHER]: Processing file changes in outputs
[NX Daemon Server] - 2024-06-18T11:40:25.342Z - [WATCHER]: Processing file changes in outputs
[NX Daemon Server] - 2024-06-18T11:40:31.351Z - [WATCHER]: libs/ui/react-components/src/lib/react-components.tsx was modified
[NX Daemon Server] - 2024-06-18T11:40:31.351Z - [WATCHER]: Processing file changes in outputs
[NX Daemon Server] - 2024-06-18T11:40:31.456Z - [REQUEST]: Updated workspace context based on watched changes, recomputing project graph...
[NX Daemon Server] - 2024-06-18T11:40:31.456Z - [REQUEST]: libs/ui/react-components/src/lib/react-components.tsx
[NX Daemon Server] - 2024-06-18T11:40:31.456Z - [REQUEST]:
[NX Daemon Server] - 2024-06-18T11:40:31.515Z - [WATCHER]: Processing file changes in outputs
[NX Daemon Server] - 2024-06-18T11:40:31.515Z - [WATCHER]: Processing file changes in outputs
[NX Daemon Server] - 2024-06-18T11:40:31.516Z - Time taken for 'hash changed files from watcher' 0.1772079998627305ms
[NX Daemon Server] - 2024-06-18T11:40:45.486Z - [WATCHER]: libs/ui/react-components/src/lib/react-components.tsx was modified
[NX Daemon Server] - 2024-06-18T11:40:45.486Z - [WATCHER]: Processing file changes in outputs
[NX Daemon Server] - 2024-06-18T11:40:45.565Z - [WATCHER]: Processing file changes in outputs
[NX Daemon Server] - 2024-06-18T11:40:45.617Z - [WATCHER]: Processing file changes in outputs
[NX Daemon Server] - 2024-06-18T11:40:49.831Z - [WATCHER]: libs/ui/react-components/src/lib/react-components.tsx was modified
[NX Daemon Server] - 2024-06-18T11:40:49.832Z - [WATCHER]: Processing file changes in outputs
[NX Daemon Server] - 2024-06-18T11:40:49.898Z - [WATCHER]: Processing file changes in outputs
[NX Daemon Server] - 2024-06-18T11:40:49.952Z - [WATCHER]: Processing file changes in outputs
[NX Daemon Server] - 2024-06-18T11:40:51.873Z - [WATCHER]: libs/ui/react-components/src/lib/react-components.tsx was modified
[NX Daemon Server] - 2024-06-18T11:40:51.873Z - [WATCHER]: Processing file changes in outputs
[NX Daemon Server] - 2024-06-18T11:40:51.887Z - [REQUEST]: Updated workspace context based on watched changes, recomputing project graph...
[NX Daemon Server] - 2024-06-18T11:40:51.887Z - [REQUEST]: libs/ui/react-components/src/lib/react-components.tsx
[NX Daemon Server] - 2024-06-18T11:40:51.887Z - [REQUEST]:
[NX Daemon Server] - 2024-06-18T11:40:51.948Z - [WATCHER]: Processing file changes in outputs
[NX Daemon Server] - 2024-06-18T11:40:51.948Z - Time taken for 'hash changed files from watcher' 0.2549999998882413ms
[NX Daemon Server] - 2024-06-18T11:41:44.185Z - [WATCHER]: Processing file changes in outputs
[NX Daemon Server] - 2024-06-18T11:41:45.224Z - [WATCHER]: Processing file changes in outputs
[NX Daemon Server] - 2024-06-30T14:04:15.439Z - Started listening on: /var/folders/5v/k8b747l520vfx2xjpdq4_csr0000gn/T/df22474ec9e368e5d50f/d.sock
[NX Daemon Server] - 2024-06-30T14:04:15.442Z - [WATCHER]: Subscribed to changes within: /Users/martinlabik/Projects/Learning/learning-projects-monorepo (native)
[NX Daemon Server] - 2024-06-30T14:04:15.444Z - Established a connection. Number of open connections: 1
[NX Daemon Server] - 2024-06-30T14:04:15.445Z - Established a connection. Number of open connections: 2
[NX Daemon Server] - 2024-06-30T14:04:15.446Z - Closed a connection. Number of open connections: 1
[NX Daemon Server] - 2024-06-30T14:04:15.447Z - [REQUEST]: Client Request for Project Graph Received
[NX Daemon Server] - 2024-06-30T14:04:15.838Z - [REQUEST]: Updated workspace context based on watched changes, recomputing project graph...
[NX Daemon Server] - 2024-06-30T14:04:15.838Z - [REQUEST]:
[NX Daemon Server] - 2024-06-30T14:04:15.838Z - [REQUEST]:
[NX Daemon Server] - 2024-06-30T14:04:17.032Z - Time taken for 'Load Nx Plugin: /Users/martinlabik/Projects/Learning/learning-projects-monorepo/.nx/installation/node_modules/nx/src/plugins/project-json/build-nodes/package-json-next-to-project-json' 389.271208ms
[NX Daemon Server] - 2024-06-30T14:04:18.765Z - [REQUEST]: Responding to the client. project-graph
(node:11969) MaxListenersExceededWarning: Possible EventEmitter memory leak detected. 11 exit listeners added to [process]. Use emitter.setMaxListeners() to increase limit
(Use `node --trace-warnings ...` to show where the warning was created)
[NX Daemon Server] - 2024-06-30T14:04:18.766Z - Time taken for 'total for creating and serializing project graph' 3318.593542ms
[NX Daemon Server] - 2024-06-30T14:04:18.768Z - Done responding to the client project-graph
[NX Daemon Server] - 2024-06-30T14:04:18.768Z - Handled REQUEST_PROJECT_GRAPH. Handling time: 3318. Response time: 3.
[NX Daemon Server] - 2024-06-30T14:04:18.775Z - Closed a connection. Number of open connections: 0
[NX Daemon Server] - 2024-06-30T14:08:51.516Z - Started listening on: /var/folders/5v/k8b747l520vfx2xjpdq4_csr0000gn/T/df22474ec9e368e5d50f/d.sock
[NX Daemon Server] - 2024-06-30T14:08:51.518Z - [WATCHER]: Subscribed to changes within: /Users/martinlabik/Projects/Learning/learning-projects-monorepo (native)
[NX Daemon Server] - 2024-06-30T14:08:51.522Z - Established a connection. Number of open connections: 1
[NX Daemon Server] - 2024-06-30T14:08:51.523Z - Established a connection. Number of open connections: 2
[NX Daemon Server] - 2024-06-30T14:08:51.524Z - Closed a connection. Number of open connections: 1
[NX Daemon Server] - 2024-06-30T14:08:51.525Z - [REQUEST]: Client Request for Project Graph Received
[NX Daemon Server] - 2024-06-30T14:08:51.600Z - [REQUEST]: Updated workspace context based on watched changes, recomputing project graph...
[NX Daemon Server] - 2024-06-30T14:08:51.600Z - [REQUEST]:
[NX Daemon Server] - 2024-06-30T14:08:51.600Z - [REQUEST]:
[NX Daemon Server] - 2024-06-30T14:08:52.368Z - Time taken for 'Load Nx Plugin: /Users/martinlabik/Projects/Learning/learning-projects-monorepo/node_modules/nx/src/plugins/project-json/build-nodes/package-json-next-to-project-json' 73.85966699999999ms
[NX Daemon Server] - 2024-06-30T14:08:52.967Z - [REQUEST]: Responding to the client. project-graph
[NX Daemon Server] - 2024-06-30T14:08:52.968Z - Time taken for 'total for creating and serializing project graph' 1442.328292ms
[NX Daemon Server] - 2024-06-30T14:08:52.970Z - Done responding to the client project-graph
[NX Daemon Server] - 2024-06-30T14:08:52.970Z - Handled REQUEST_PROJECT_GRAPH. Handling time: 1442. Response time: 3.
[NX Daemon Server] - 2024-06-30T14:08:52.993Z - [REQUEST]: Responding to the client. handleHashTasks
[NX Daemon Server] - 2024-06-30T14:08:52.993Z - Done responding to the client handleHashTasks
[NX Daemon Server] - 2024-06-30T14:08:52.993Z - Handled HASH_TASKS. Handling time: 15. Response time: 0.
[NX Daemon Server] - 2024-06-30T14:08:53.528Z - Established a connection. Number of open connections: 2
[NX Daemon Server] - 2024-06-30T14:08:53.529Z - Closed a connection. Number of open connections: 1
[NX Daemon Server] - 2024-06-30T14:08:53.529Z - Established a connection. Number of open connections: 2
[NX Daemon Server] - 2024-06-30T14:08:53.530Z - [REQUEST]: Client Request for Project Graph Received
[NX Daemon Server] - 2024-06-30T14:08:53.531Z - [REQUEST]: Responding to the client. project-graph
[NX Daemon Server] - 2024-06-30T14:08:53.531Z - Time taken for 'total for creating and serializing project graph' 0.18308299999989686ms
[NX Daemon Server] - 2024-06-30T14:08:53.533Z - Done responding to the client project-graph
[NX Daemon Server] - 2024-06-30T14:08:53.533Z - Handled REQUEST_PROJECT_GRAPH. Handling time: 1. Response time: 2.
[NX Daemon Server] - 2024-06-30T14:08:54.169Z - Established a connection. Number of open connections: 3
[NX Daemon Server] - 2024-06-30T14:08:54.169Z - Closed a connection. Number of open connections: 2
[NX Daemon Server] - 2024-06-30T14:08:54.169Z - Established a connection. Number of open connections: 3
[NX Daemon Server] - 2024-06-30T14:08:54.171Z - [REQUEST]: Client Request for Project Graph Received
[NX Daemon Server] - 2024-06-30T14:08:54.171Z - [REQUEST]: Responding to the client. project-graph
[NX Daemon Server] - 2024-06-30T14:08:54.171Z - Time taken for 'total for creating and serializing project graph' 0.17383299999983137ms
[NX Daemon Server] - 2024-06-30T14:08:54.173Z - Done responding to the client project-graph
[NX Daemon Server] - 2024-06-30T14:08:54.173Z - Handled REQUEST_PROJECT_GRAPH. Handling time: 0. Response time: 2.
[NX Daemon Server] - 2024-06-30T14:08:54.212Z - [REQUEST]: Client Request for Project Graph Received
[NX Daemon Server] - 2024-06-30T14:08:54.212Z - [REQUEST]: Responding to the client. project-graph
[NX Daemon Server] - 2024-06-30T14:08:54.213Z - Time taken for 'total for creating and serializing project graph' 0.3176250000001346ms
[NX Daemon Server] - 2024-06-30T14:08:54.214Z - Done responding to the client project-graph
[NX Daemon Server] - 2024-06-30T14:08:54.214Z - Handled REQUEST_PROJECT_GRAPH. Handling time: 0. Response time: 2.
[NX Daemon Server] - 2024-06-30T14:08:55.421Z - [WATCHER]: Processing file changes in outputs
[NX Daemon Server] - 2024-06-30T14:08:56.473Z - [WATCHER]: Processing file changes in outputs
[NX Daemon Server] - 2024-06-30T14:08:56.722Z - [REQUEST]: Client Request for Project Graph Received
[NX Daemon Server] - 2024-06-30T14:08:56.722Z - [REQUEST]: Responding to the client. project-graph
[NX Daemon Server] - 2024-06-30T14:08:56.723Z - Time taken for 'total for creating and serializing project graph' 0.3514999999997599ms
[NX Daemon Server] - 2024-06-30T14:08:56.730Z - [WATCHER]: Processing file changes in outputs
[NX Daemon Server] - 2024-06-30T14:08:56.730Z - Done responding to the client project-graph
[NX Daemon Server] - 2024-06-30T14:08:56.731Z - Handled REQUEST_PROJECT_GRAPH. Handling time: 0. Response time: 9.
[NX Daemon Server] - 2024-06-30T14:08:56.784Z - [WATCHER]: Processing file changes in outputs
[NX Daemon Server] - 2024-06-30T14:08:58.146Z - [WATCHER]: Processing file changes in outputs
[NX Daemon Server] - 2024-06-30T14:09:04.643Z - [WATCHER]: Processing file changes in outputs
[NX Daemon Server] - 2024-06-30T14:09:07.766Z - [WATCHER]: Processing file changes in outputs
[NX Daemon Server] - 2024-06-30T14:09:09.484Z - [WATCHER]: Processing file changes in outputs
[NX Daemon Server] - 2024-06-30T14:09:10.000Z - [WATCHER]: Processing file changes in outputs
[NX Daemon Server] - 2024-06-30T14:09:10.148Z - [WATCHER]: Processing file changes in outputs
[NX Daemon Server] - 2024-06-30T14:09:10.473Z - [WATCHER]: Processing file changes in outputs
[NX Daemon Server] - 2024-06-30T14:09:13.085Z - Closed a connection. Number of open connections: 2
[NX Daemon Server] - 2024-06-30T14:09:13.094Z - Closed a connection. Number of open connections: 1
[NX Daemon Server] - 2024-06-30T14:09:13.096Z - [REQUEST]: Responding to the client. recordOutputsHash
[NX Daemon Server] - 2024-06-30T14:09:13.096Z - Done responding to the client recordOutputsHash
[NX Daemon Server] - 2024-06-30T14:09:13.096Z - Handled RECORD_OUTPUTS_HASH. Handling time: 0. Response time: 0.
[NX Daemon Server] - 2024-06-30T14:09:13.101Z - Closed a connection. Number of open connections: 0
[NX Daemon Server] - 2024-06-30T14:09:13.148Z - [WATCHER]: Processing file changes in outputs
[NX Daemon Server] - 2024-06-30T14:09:13.570Z - Established a connection. Number of open connections: 1
[NX Daemon Server] - 2024-06-30T14:09:13.575Z - Closed a connection. Number of open connections: 0
[NX Daemon Server] - 2024-06-30T14:09:13.575Z - Established a connection. Number of open connections: 1
[NX Daemon Server] - 2024-06-30T14:09:13.577Z - [REQUEST]: Client Request for Project Graph Received
[NX Daemon Server] - 2024-06-30T14:09:13.577Z - [REQUEST]: Responding to the client. project-graph
[NX Daemon Server] - 2024-06-30T14:09:13.578Z - Time taken for 'total for creating and serializing project graph' 0.2803330000024289ms
[NX Daemon Server] - 2024-06-30T14:09:13.580Z - Done responding to the client project-graph
[NX Daemon Server] - 2024-06-30T14:09:13.580Z - Handled REQUEST_PROJECT_GRAPH. Handling time: 0. Response time: 3.
[NX Daemon Server] - 2024-06-30T14:09:13.989Z - [WATCHER]: Processing file changes in outputs
[NX Daemon Server] - 2024-06-30T14:09:14.015Z - Closed a connection. Number of open connections: 0
